-------------------------------------------------------------------------------
Test set: com.confuturo.runners.CucumberRunner
-------------------------------------------------------------------------------
Tests run: 13, Failures: 1, Errors: 0, Skipped: 0, Time elapsed: 23.252 s <<< FAILURE! - in com.confuturo.runners.CucumberRunner
Validaci贸n de configuraci贸n de archivo json en ambiente de Produccion #2.El archivo YAML debe tener la configuraci贸n de servicios correcta  Time elapsed: 1.804 s  <<< FAILURE!
java.lang.AssertionError: Se encontraron 1 errores de validaci贸n. Consulta el detalle en los logs.
	at com.confuturo.steps.YamlValidationSteps.afterScenario(YamlValidationSteps.java:48)

