<?xml version="1.0" encoding="UTF-8"?>
<testsuite xmlns:xsi="http://www.w3.org/2001/XMLSchema-instance" xsi:noNamespaceSchemaLocation="https://maven.apache.org/surefire/maven-surefire-plugin/xsd/surefire-test-report-3.0.xsd" version="3.0" name="com.confuturo.runners.CucumberRunner" time="12.751" tests="10" errors="0" skipped="0" failures="0">
  <properties>
[...]
</properties>
  <testcase name="Depuración del contenido JSON" classname="Validación de configuración del Backend.BackOffice.Zendesk #1" time="2.189">
    <system-out><![CDATA[
Escenario: Depuración del contenido JSON                                                                                     # src/test/resources/features/json-validation-development.feature:8
Conectando al repositorio: confuturo_ti/portales-internos/transaction-manager/backend-transaction-manager
Buscando token en archivo .env...
Comprobando archivo .env en: C:\Users\spena\Desktop\AutomationYamlAndJson\AutomationYamlAndJson\yaml-validator\.env
Comprobando archivo .env en: C:\Users\spena\Desktop\AutomationYamlAndJson\AutomationYamlAndJson\yaml-validator\..\.env
Archivo .env encontrado en: C:\Users\spena\Desktop\AutomationYamlAndJson\AutomationYamlAndJson\yaml-validator\..\.env
Token encontrado en archivo .env: ../.env
Conexión a GitLab establecida correctamente
Conexión establecida correctamente al repositorio: confuturo_ti/portales-internos/transaction-manager/backend-transaction-manager
  Dado que tengo acceso al repositorio JSON "confuturo_ti/portales-internos/transaction-manager/backend-transaction-manager" # com.confuturo.steps.JsonValidationSteps.queAccesoAlRepositorioJson(java.lang.String)
Intentando leer archivo JSON: src/Backend.BackOffice.Zendesk/appsettings.Development.json del proyecto: confuturo_ti/portales-internos/transaction-manager/backend-transaction-manager
Proyecto encontrado con ID: 61972501
Intentando obtener archivo de la rama: develop
Archivo encontrado en la rama: develop
Contenido JSON guardado en 'gitlab-json-content.txt'
=== CONTENIDO JSON ORIGINAL ===
{
  "AppSettings": {
    "Version": "0.01.202411201030"
  },
  "ConnectionStrings": {
    "PensionesDB": "User Id=PENSIONES;Password=PENSIONES;Data Source=(DESCRIPTION=(ADDRESS_LIST=(ADDRESS=(PROTOCOL=TCP)(HOST=192.168.154.171)(PORT=1523)))(CONNECT_DATA=(SERVICE_NAME=PREVQA3)));Pooling=true;",
    "PensionesUserDB": "User Id=[usrPensiones];Password=abcabc12;Data Source=(DESCRIPTION=(ADDRESS_LIST=(ADDRESS=(PROTOCOL=TCP)(HOST=192.168.154.171)(PORT=1523)))(CONNECT_DATA=(SERVICE_NAME=PREVQA3)));Pooling=true;",
    "TransactionsDB": "Server=192.168.154.92;User ID=usr_transaction_manager;Password=KThJV1YrfGLE0Th;Port=5432;Database=transaction_manager;Integrated Security=true;Pooling=true;Include Error Detail=true;"
    //"TransactionsDB": "Server=localhost;User ID=postgres;Password=foo;Port=5432;Database=zendesk_transaction;Integrated Security=true;Pooling=true;Include Error Detail=true;"
  },
  "Logging": {
    "LogLevel": {
      "Default": "Information",
      "Microsoft.AspNetCore": "Warning"
    }
  },
  "TestMode": true, //modo test para el envio de los correos y la generacion de ticket en zendesk
  "Emails": "hcofre@confuturo.cl,mrojas@confuturo.cl,jovalle@confuturo.cl,jhernandezv@confuturo.cl",
  "Apis": {
    "Client": {
      "Url": "http://api-clientes.qa.seguros.local/clientes/"
    },  
    "Product": {
      "Url": "http://api-productos.qa.seguros.local/"
    },
    "Payment": {
      "Url": "http://api.qa.seguros.local/payment-service/"
    },
    "Pdf": {
      "Url": "https://pdf-service-42nqpimoca-uc.a.run.app/"
    },
    "Notifications": {
      "Url": "http://api-notificaciones.qa.seguros.local/notificaciones/"
    },
    "Zendesk": {
      "Url": "https://atencionconfuturo1616160263.zendesk.com/", //"https://atencionconfuturo.zendesk.com/",
      //"Token": "2a0bf8a49cf0b0b3fa9a5238ba236baea5d21cbba737a64c3557f80960544489",  //token para prod
      "User": "jvergarat@confuturo.cl",
      "Pass": "Confuturo2021",
      //"SendTicketFromEmail": true,
      //"Email": "support@atencionconfuturo.zendesk.com",
      //"Ticket": {
      //  "Channel": "Portal_clientes"
      //}
      "FormId": "20303878720020",
      "Process": "33125056531988", // Tramite
      "RemittanceNumber": "20303714924948", // Numero remesable
      "Policy": "20303361492884", // Poliza"
      "ProductFamily": "20303373617044", // Familia del producto
      "AttentionType": "20303563434644", // Tipo de atencion"
      "Attention": "20303615732628", // Atencion
      "AttentionChannel": "20303791201044", // canal de atencion
      "ProcessState": "33125265115284", // Estado Trámite
      "BranchOffice": "20303809226388", // sucursal
      "BranchOfficeName": "360044337571"
    },
    "Kta": {
      "Url": "http://192.168.68.19/vwnetx_Confuturo_Zendesk/",
      "User": "admin",
      "Pass": "admin"
    },
    "HumanResources": {
      "Url": "http://api.qa.seguros.local/rrhh/"
    }
  },
  "Keycloak": {
    "Url": "https://auth-qa.confuturo.cl/auth",
    "Realm": "confuturo-sso-qa",
    "User": "backend-transaction-manager", // backend-portal-privado
    "SecretKey": "" // 72aa71c7-55cf-4a18-b47a-a648cba6da6c
  },
  "UrlVisualTime": "http://testapps292.seguros.local/vtimenet/visualtime/bucvtpipe.aspx",
  "currentPeriodTest": "202410"
}
=== FIN DEL CONTENIDO ORIGINAL ===
JSON limpio guardado en 'cleaned-json-content.txt'
JSON parseado correctamente utilizando Jackson
=== CLAVES DE PRIMER NIVEL EN EL JSON ===
- Logging
- AppSettings
- Apis
- TestMode
- UrlVisualTime
- currentPeriodTest
- Emails
- Keycloak
- ConnectionStrings
======================================
  Cuando leo el archivo JSON "src/Backend.BackOffice.Zendesk/appsettings.Development.json"                                   # com.confuturo.steps.JsonValidationSteps.leoElArchivoJson(java.lang.String)
=== CONTENIDO JSON RECUPERADO ===
{
  "AppSettings": {
    "Version": "0.01.202411201030"
  },
  "ConnectionStrings": {
    "PensionesDB": "User Id=PENSIONES;Password=PENSIONES;Data Source=(DESCRIPTION=(ADDRESS_LIST=(ADDRESS=(PROTOCOL=TCP)(HOST=192.168.154.171)(PORT=1523)))(CONNECT_DATA=(SERVICE_NAME=PREVQA3)));Pooling=true;",
    "PensionesUserDB": "User Id=[usrPensiones];Password=abcabc12;Data Source=(DESCRIPTION=(ADDRESS_LIST=(ADDRESS=(PROTOCOL=TCP)(HOST=192.168.154.171)(PORT=1523)))(CONNECT_DATA=(SERVICE_NAME=PREVQA3)));Pooling=true;",
    "TransactionsDB": "Server=192.168.154.92;User ID=usr_transaction_manager;Password=KThJV1YrfGLE0Th;Port=5432;Database=transaction_manager;Integrated Security=true;Pooling=true;Include Error Detail=true;"
    //"TransactionsDB": "Server=localhost;User ID=postgres;Password=foo;Port=5432;Database=zendesk_transaction;Integrated Security=true;Pooling=true;Include Error Detail=true;"
  },
  "Logging": {
    "LogLevel": {
      "Default": "Information",
      "Microsoft.AspNetCore": "Warning"
    }
  },
  "TestMode": true, //modo test para el envio de los correos y la generacion de ticket en zendesk
  "Emails": "hcofre@confuturo.cl,mrojas@confuturo.cl,jovalle@confuturo.cl,jhernandezv@confuturo.cl",
  "Apis": {
    "Client": {
      "Url": "http://api-clientes.qa.seguros.local/clientes/"
    },  
    "Product": {
      "Url": "http://api-productos.qa.seguros.local/"
    },
    "Payment": {
      "Url": "http://api.qa.seguros.local/payment-service/"
    },
    "Pdf": {
      "Url": "https://pdf-service-42nqpimoca-uc.a.run.app/"
    },
    "Notifications": {
      "Url": "http://api-notificaciones.qa.seguros.local/notificaciones/"
    },
    "Zendesk": {
      "Url": "https://atencionconfuturo1616160263.zendesk.com/", //"https://atencionconfuturo.zendesk.com/",
      //"Token": "2a0bf8a49cf0b0b3fa9a5238ba236baea5d21cbba737a64c3557f80960544489",  //token para prod
      "User": "jvergarat@confuturo.cl",
      "Pass": "Confuturo2021",
      //"SendTicketFromEmail": true,
      //"Email": "support@atencionconfuturo.zendesk.com",
      //"Ticket": {
      //  "Channel": "Portal_clientes"
      //}
      "FormId": "20303878720020",
      "Process": "33125056531988", // Tramite
      "RemittanceNumber": "20303714924948", // Numero remesable
      "Policy": "20303361492884", // Poliza"
      "ProductFamily": "20303373617044", // Familia del producto
      "AttentionType": "20303563434644", // Tipo de atencion"
      "Attention": "20303615732628", // Atencion
      "AttentionChannel": "20303791201044", // canal de atencion
      "ProcessState": "33125265115284", // Estado Trámite
      "BranchOffice": "20303809226388", // sucursal
      "BranchOfficeName": "360044337571"
    },
    "Kta": {
      "Url": "http://192.168.68.19/vwnetx_Confuturo_Zendesk/",
      "User": "admin",
      "Pass": "admin"
    },
    "HumanResources": {
      "Url": "http://api.qa.seguros.local/rrhh/"
    }
  },
  "Keycloak": {
    "Url": "https://auth-qa.confuturo.cl/auth",
    "Realm": "confuturo-sso-qa",
    "User": "backend-transaction-manager", // backend-portal-privado
    "SecretKey": "" // 72aa71c7-55cf-4a18-b47a-a648cba6da6c
  },
  "UrlVisualTime": "http://testapps292.seguros.local/vtimenet/visualtime/bucvtpipe.aspx",
  "currentPeriodTest": "202410"
}
=== FIN DEL CONTENIDO JSON ===
=== CLAVES DE PRIMER NIVEL ===
- Logging
- AppSettings
- Apis
- TestMode
- UrlVisualTime
- currentPeriodTest
- Emails
- Keycloak
- ConnectionStrings
=== FIN DE CLAVES DE PRIMER NIVEL ===
  Entonces imprimo el contenido del JSON para depuración                                                                     # com.confuturo.steps.JsonValidationSteps.imprimoElContenidoDelJsonParaDepuracion()
]]></system-out>
  </testcase>
  <testcase name="Verificar la Url del Cliente" classname="Validación de configuración del Backend.BackOffice.Zendesk #1" time="1.096">
    <system-out><![CDATA[
Escenario: Verificar la Url del Cliente                                                                                      # src/test/resources/features/json-validation-development.feature:13
Conectando al repositorio: confuturo_ti/portales-internos/transaction-manager/backend-transaction-manager
Buscando token en archivo .env...
Comprobando archivo .env en: C:\Users\spena\Desktop\AutomationYamlAndJson\AutomationYamlAndJson\yaml-validator\.env
Comprobando archivo .env en: C:\Users\spena\Desktop\AutomationYamlAndJson\AutomationYamlAndJson\yaml-validator\..\.env
Archivo .env encontrado en: C:\Users\spena\Desktop\AutomationYamlAndJson\AutomationYamlAndJson\yaml-validator\..\.env
Token encontrado en archivo .env: ../.env
Conexión a GitLab establecida correctamente
Conexión establecida correctamente al repositorio: confuturo_ti/portales-internos/transaction-manager/backend-transaction-manager
  Dado que tengo acceso al repositorio JSON "confuturo_ti/portales-internos/transaction-manager/backend-transaction-manager" # com.confuturo.steps.JsonValidationSteps.queAccesoAlRepositorioJson(java.lang.String)
Intentando leer archivo JSON: src/Backend.BackOffice.Zendesk/appsettings.Development.json del proyecto: confuturo_ti/portales-internos/transaction-manager/backend-transaction-manager
Proyecto encontrado con ID: 61972501
Intentando obtener archivo de la rama: develop
Archivo encontrado en la rama: develop
Contenido JSON guardado en 'gitlab-json-content.txt'
=== CONTENIDO JSON ORIGINAL ===
{
  "AppSettings": {
    "Version": "0.01.202411201030"
  },
  "ConnectionStrings": {
    "PensionesDB": "User Id=PENSIONES;Password=PENSIONES;Data Source=(DESCRIPTION=(ADDRESS_LIST=(ADDRESS=(PROTOCOL=TCP)(HOST=192.168.154.171)(PORT=1523)))(CONNECT_DATA=(SERVICE_NAME=PREVQA3)));Pooling=true;",
    "PensionesUserDB": "User Id=[usrPensiones];Password=abcabc12;Data Source=(DESCRIPTION=(ADDRESS_LIST=(ADDRESS=(PROTOCOL=TCP)(HOST=192.168.154.171)(PORT=1523)))(CONNECT_DATA=(SERVICE_NAME=PREVQA3)));Pooling=true;",
    "TransactionsDB": "Server=192.168.154.92;User ID=usr_transaction_manager;Password=KThJV1YrfGLE0Th;Port=5432;Database=transaction_manager;Integrated Security=true;Pooling=true;Include Error Detail=true;"
    //"TransactionsDB": "Server=localhost;User ID=postgres;Password=foo;Port=5432;Database=zendesk_transaction;Integrated Security=true;Pooling=true;Include Error Detail=true;"
  },
  "Logging": {
    "LogLevel": {
      "Default": "Information",
      "Microsoft.AspNetCore": "Warning"
    }
  },
  "TestMode": true, //modo test para el envio de los correos y la generacion de ticket en zendesk
  "Emails": "hcofre@confuturo.cl,mrojas@confuturo.cl,jovalle@confuturo.cl,jhernandezv@confuturo.cl",
  "Apis": {
    "Client": {
      "Url": "http://api-clientes.qa.seguros.local/clientes/"
    },  
    "Product": {
      "Url": "http://api-productos.qa.seguros.local/"
    },
    "Payment": {
      "Url": "http://api.qa.seguros.local/payment-service/"
    },
    "Pdf": {
      "Url": "https://pdf-service-42nqpimoca-uc.a.run.app/"
    },
    "Notifications": {
      "Url": "http://api-notificaciones.qa.seguros.local/notificaciones/"
    },
    "Zendesk": {
      "Url": "https://atencionconfuturo1616160263.zendesk.com/", //"https://atencionconfuturo.zendesk.com/",
      //"Token": "2a0bf8a49cf0b0b3fa9a5238ba236baea5d21cbba737a64c3557f80960544489",  //token para prod
      "User": "jvergarat@confuturo.cl",
      "Pass": "Confuturo2021",
      //"SendTicketFromEmail": true,
      //"Email": "support@atencionconfuturo.zendesk.com",
      //"Ticket": {
      //  "Channel": "Portal_clientes"
      //}
      "FormId": "20303878720020",
      "Process": "33125056531988", // Tramite
      "RemittanceNumber": "20303714924948", // Numero remesable
      "Policy": "20303361492884", // Poliza"
      "ProductFamily": "20303373617044", // Familia del producto
      "AttentionType": "20303563434644", // Tipo de atencion"
      "Attention": "20303615732628", // Atencion
      "AttentionChannel": "20303791201044", // canal de atencion
      "ProcessState": "33125265115284", // Estado Trámite
      "BranchOffice": "20303809226388", // sucursal
      "BranchOfficeName": "360044337571"
    },
    "Kta": {
      "Url": "http://192.168.68.19/vwnetx_Confuturo_Zendesk/",
      "User": "admin",
      "Pass": "admin"
    },
    "HumanResources": {
      "Url": "http://api.qa.seguros.local/rrhh/"
    }
  },
  "Keycloak": {
    "Url": "https://auth-qa.confuturo.cl/auth",
    "Realm": "confuturo-sso-qa",
    "User": "backend-transaction-manager", // backend-portal-privado
    "SecretKey": "" // 72aa71c7-55cf-4a18-b47a-a648cba6da6c
  },
  "UrlVisualTime": "http://testapps292.seguros.local/vtimenet/visualtime/bucvtpipe.aspx",
  "currentPeriodTest": "202410"
}
=== FIN DEL CONTENIDO ORIGINAL ===
JSON limpio guardado en 'cleaned-json-content.txt'
JSON parseado correctamente utilizando Jackson
=== CLAVES DE PRIMER NIVEL EN EL JSON ===
- Logging
- AppSettings
- Apis
- TestMode
- UrlVisualTime
- currentPeriodTest
- Emails
- Keycloak
- ConnectionStrings
======================================
  Cuando leo el archivo JSON "src/Backend.BackOffice.Zendesk/appsettings.Development.json"                                   # com.confuturo.steps.JsonValidationSteps.leoElArchivoJson(java.lang.String)
Campo: Apis.Client.Url
Valor esperado: 'http://api-clientes.qa.seguros.local/clientes/'
Valor actual: 'http://api-clientes.qa.seguros.local/clientes/'
  Entonces el JSON debe contener el campo "Apis.Client.Url" con valor "http://api-clientes.qa.seguros.local/clientes/"       # com.confuturo.steps.JsonValidationSteps.elJsonDebeContenerCampoConValorTexto(java.lang.String,java.lang.String)
]]></system-out>
  </testcase>
  <testcase name="Verificar el modo de prueba" classname="Validación de configuración del Backend.BackOffice.Zendesk #1" time="1.018">
    <system-out><![CDATA[
Escenario: Verificar el modo de prueba                                                                                       # src/test/resources/features/json-validation-development.feature:18
Conectando al repositorio: confuturo_ti/portales-internos/transaction-manager/backend-transaction-manager
Buscando token en archivo .env...
Comprobando archivo .env en: C:\Users\spena\Desktop\AutomationYamlAndJson\AutomationYamlAndJson\yaml-validator\.env
Comprobando archivo .env en: C:\Users\spena\Desktop\AutomationYamlAndJson\AutomationYamlAndJson\yaml-validator\..\.env
Archivo .env encontrado en: C:\Users\spena\Desktop\AutomationYamlAndJson\AutomationYamlAndJson\yaml-validator\..\.env
Token encontrado en archivo .env: ../.env
Conexión a GitLab establecida correctamente
Conexión establecida correctamente al repositorio: confuturo_ti/portales-internos/transaction-manager/backend-transaction-manager
  Dado que tengo acceso al repositorio JSON "confuturo_ti/portales-internos/transaction-manager/backend-transaction-manager" # com.confuturo.steps.JsonValidationSteps.queAccesoAlRepositorioJson(java.lang.String)
Intentando leer archivo JSON: src/Backend.BackOffice.Zendesk/appsettings.Development.json del proyecto: confuturo_ti/portales-internos/transaction-manager/backend-transaction-manager
Proyecto encontrado con ID: 61972501
Intentando obtener archivo de la rama: develop
Archivo encontrado en la rama: develop
Contenido JSON guardado en 'gitlab-json-content.txt'
=== CONTENIDO JSON ORIGINAL ===
{
  "AppSettings": {
    "Version": "0.01.202411201030"
  },
  "ConnectionStrings": {
    "PensionesDB": "User Id=PENSIONES;Password=PENSIONES;Data Source=(DESCRIPTION=(ADDRESS_LIST=(ADDRESS=(PROTOCOL=TCP)(HOST=192.168.154.171)(PORT=1523)))(CONNECT_DATA=(SERVICE_NAME=PREVQA3)));Pooling=true;",
    "PensionesUserDB": "User Id=[usrPensiones];Password=abcabc12;Data Source=(DESCRIPTION=(ADDRESS_LIST=(ADDRESS=(PROTOCOL=TCP)(HOST=192.168.154.171)(PORT=1523)))(CONNECT_DATA=(SERVICE_NAME=PREVQA3)));Pooling=true;",
    "TransactionsDB": "Server=192.168.154.92;User ID=usr_transaction_manager;Password=KThJV1YrfGLE0Th;Port=5432;Database=transaction_manager;Integrated Security=true;Pooling=true;Include Error Detail=true;"
    //"TransactionsDB": "Server=localhost;User ID=postgres;Password=foo;Port=5432;Database=zendesk_transaction;Integrated Security=true;Pooling=true;Include Error Detail=true;"
  },
  "Logging": {
    "LogLevel": {
      "Default": "Information",
      "Microsoft.AspNetCore": "Warning"
    }
  },
  "TestMode": true, //modo test para el envio de los correos y la generacion de ticket en zendesk
  "Emails": "hcofre@confuturo.cl,mrojas@confuturo.cl,jovalle@confuturo.cl,jhernandezv@confuturo.cl",
  "Apis": {
    "Client": {
      "Url": "http://api-clientes.qa.seguros.local/clientes/"
    },  
    "Product": {
      "Url": "http://api-productos.qa.seguros.local/"
    },
    "Payment": {
      "Url": "http://api.qa.seguros.local/payment-service/"
    },
    "Pdf": {
      "Url": "https://pdf-service-42nqpimoca-uc.a.run.app/"
    },
    "Notifications": {
      "Url": "http://api-notificaciones.qa.seguros.local/notificaciones/"
    },
    "Zendesk": {
      "Url": "https://atencionconfuturo1616160263.zendesk.com/", //"https://atencionconfuturo.zendesk.com/",
      //"Token": "2a0bf8a49cf0b0b3fa9a5238ba236baea5d21cbba737a64c3557f80960544489",  //token para prod
      "User": "jvergarat@confuturo.cl",
      "Pass": "Confuturo2021",
      //"SendTicketFromEmail": true,
      //"Email": "support@atencionconfuturo.zendesk.com",
      //"Ticket": {
      //  "Channel": "Portal_clientes"
      //}
      "FormId": "20303878720020",
      "Process": "33125056531988", // Tramite
      "RemittanceNumber": "20303714924948", // Numero remesable
      "Policy": "20303361492884", // Poliza"
      "ProductFamily": "20303373617044", // Familia del producto
      "AttentionType": "20303563434644", // Tipo de atencion"
      "Attention": "20303615732628", // Atencion
      "AttentionChannel": "20303791201044", // canal de atencion
      "ProcessState": "33125265115284", // Estado Trámite
      "BranchOffice": "20303809226388", // sucursal
      "BranchOfficeName": "360044337571"
    },
    "Kta": {
      "Url": "http://192.168.68.19/vwnetx_Confuturo_Zendesk/",
      "User": "admin",
      "Pass": "admin"
    },
    "HumanResources": {
      "Url": "http://api.qa.seguros.local/rrhh/"
    }
  },
  "Keycloak": {
    "Url": "https://auth-qa.confuturo.cl/auth",
    "Realm": "confuturo-sso-qa",
    "User": "backend-transaction-manager", // backend-portal-privado
    "SecretKey": "" // 72aa71c7-55cf-4a18-b47a-a648cba6da6c
  },
  "UrlVisualTime": "http://testapps292.seguros.local/vtimenet/visualtime/bucvtpipe.aspx",
  "currentPeriodTest": "202410"
}
=== FIN DEL CONTENIDO ORIGINAL ===
JSON limpio guardado en 'cleaned-json-content.txt'
JSON parseado correctamente utilizando Jackson
=== CLAVES DE PRIMER NIVEL EN EL JSON ===
- Logging
- AppSettings
- Apis
- TestMode
- UrlVisualTime
- currentPeriodTest
- Emails
- Keycloak
- ConnectionStrings
======================================
  Cuando leo el archivo JSON "src/Backend.BackOffice.Zendesk/appsettings.Development.json"                                   # com.confuturo.steps.JsonValidationSteps.leoElArchivoJson(java.lang.String)
Campo: TestMode
Valor esperado: true
Valor actual: true
  Entonces el JSON debe contener el campo "TestMode" con valor booleano "true"                                               # com.confuturo.steps.JsonValidationSteps.elJsonDebeContenerCampoConValorBooleano(java.lang.String,java.lang.String)
]]></system-out>
  </testcase>
  <testcase name="Depuración del contenido JSON" classname="Validación de configuración del Backend.BackOffice.Zendesk #2" time="1.144">
    <system-out><![CDATA[
Escenario: Depuración del contenido JSON                                                                                     # src/test/resources/features/json-validation-qa.feature:8
Conectando al repositorio: confuturo_ti/portales-internos/transaction-manager/backend-transaction-manager
Buscando token en archivo .env...
Comprobando archivo .env en: C:\Users\spena\Desktop\AutomationYamlAndJson\AutomationYamlAndJson\yaml-validator\.env
Comprobando archivo .env en: C:\Users\spena\Desktop\AutomationYamlAndJson\AutomationYamlAndJson\yaml-validator\..\.env
Archivo .env encontrado en: C:\Users\spena\Desktop\AutomationYamlAndJson\AutomationYamlAndJson\yaml-validator\..\.env
Token encontrado en archivo .env: ../.env
Conexión a GitLab establecida correctamente
Conexión establecida correctamente al repositorio: confuturo_ti/portales-internos/transaction-manager/backend-transaction-manager
  Dado que tengo acceso al repositorio JSON "confuturo_ti/portales-internos/transaction-manager/backend-transaction-manager" # com.confuturo.steps.JsonValidationSteps.queAccesoAlRepositorioJson(java.lang.String)
Intentando leer archivo JSON: src/Backend.BackOffice.Zendesk/appsettings.QA.json del proyecto: confuturo_ti/portales-internos/transaction-manager/backend-transaction-manager
Proyecto encontrado con ID: 61972501
Intentando obtener archivo de la rama: develop
Archivo encontrado en la rama: develop
Contenido JSON guardado en 'gitlab-json-content.txt'
=== CONTENIDO JSON ORIGINAL ===
{
  "AppSettings": {
    "Version": "0.01.202411201030"
  },
  "ConnectionStrings": {
    "PensionesDB": "connection-string",
    "TransactionsDB": "connection-string"
  },
  "Logging": {
    "LogLevel": {
      "Default": "Information",
      "Microsoft.AspNetCore": "Warning"
    }
  },
  "TestMode": true, //modo test para el envio de los correos y la generacion de ticket en zendesk
  "Emails": "hcofre@confuturo.cl,mrojas@confuturo.cl,jovalle@confuturo.cl,jhernandezv@confuturo.cl",
  "Apis": {
    "UrlClients": "http://api-clientes.qa.seguros.local/clientes/",
    "UrlProductos": "http://api-productos.qa.seguros.local/",
    "UrlPayment": "http://api.qa.seguros.local/payment-service/",
    "Zendesk": {
      "Url": "zendesk-data",
      "TestMode": true,
      "SendTicketFromEmail": true,
      "Email": "zendesk-data",
      "Ticket": {
        "Channel": "zendesk-data"
      }
    }
  },
  "Keycloak": {
    "Url": "http://auth-qa.confuturo.cl/auth",
    "Realm": "confuturo-sso-qa",
    "User": "backend-transaction-manager"
  }
}
=== FIN DEL CONTENIDO ORIGINAL ===
JSON limpio guardado en 'cleaned-json-content.txt'
JSON parseado correctamente utilizando Jackson
=== CLAVES DE PRIMER NIVEL EN EL JSON ===
- Logging
- AppSettings
- Apis
- TestMode
- Emails
- Keycloak
- ConnectionStrings
======================================
  Cuando leo el archivo JSON "src/Backend.BackOffice.Zendesk/appsettings.QA.json"                                            # com.confuturo.steps.JsonValidationSteps.leoElArchivoJson(java.lang.String)
=== CONTENIDO JSON RECUPERADO ===
{
  "AppSettings": {
    "Version": "0.01.202411201030"
  },
  "ConnectionStrings": {
    "PensionesDB": "connection-string",
    "TransactionsDB": "connection-string"
  },
  "Logging": {
    "LogLevel": {
      "Default": "Information",
      "Microsoft.AspNetCore": "Warning"
    }
  },
  "TestMode": true, //modo test para el envio de los correos y la generacion de ticket en zendesk
  "Emails": "hcofre@confuturo.cl,mrojas@confuturo.cl,jovalle@confuturo.cl,jhernandezv@confuturo.cl",
  "Apis": {
    "UrlClients": "http://api-clientes.qa.seguros.local/clientes/",
    "UrlProductos": "http://api-productos.qa.seguros.local/",
    "UrlPayment": "http://api.qa.seguros.local/payment-service/",
    "Zendesk": {
      "Url": "zendesk-data",
      "TestMode": true,
      "SendTicketFromEmail": true,
      "Email": "zendesk-data",
      "Ticket": {
        "Channel": "zendesk-data"
      }
    }
  },
  "Keycloak": {
    "Url": "http://auth-qa.confuturo.cl/auth",
    "Realm": "confuturo-sso-qa",
    "User": "backend-transaction-manager"
  }
}
=== FIN DEL CONTENIDO JSON ===
=== CLAVES DE PRIMER NIVEL ===
- Logging
- AppSettings
- Apis
- TestMode
- Emails
- Keycloak
- ConnectionStrings
=== FIN DE CLAVES DE PRIMER NIVEL ===
  Entonces imprimo el contenido del JSON para depuración                                                                     # com.confuturo.steps.JsonValidationSteps.imprimoElContenidoDelJsonParaDepuracion()
]]></system-out>
  </testcase>
  <testcase name="Verificar la Url del Cliente" classname="Validación de configuración del Backend.BackOffice.Zendesk #2" time="0.957">
    <system-out><![CDATA[
Escenario: Verificar la Url del Cliente                                                                                      # src/test/resources/features/json-validation-qa.feature:13
Conectando al repositorio: confuturo_ti/portales-internos/transaction-manager/backend-transaction-manager
Buscando token en archivo .env...
Comprobando archivo .env en: C:\Users\spena\Desktop\AutomationYamlAndJson\AutomationYamlAndJson\yaml-validator\.env
Comprobando archivo .env en: C:\Users\spena\Desktop\AutomationYamlAndJson\AutomationYamlAndJson\yaml-validator\..\.env
Archivo .env encontrado en: C:\Users\spena\Desktop\AutomationYamlAndJson\AutomationYamlAndJson\yaml-validator\..\.env
Token encontrado en archivo .env: ../.env
Conexión a GitLab establecida correctamente
Conexión establecida correctamente al repositorio: confuturo_ti/portales-internos/transaction-manager/backend-transaction-manager
  Dado que tengo acceso al repositorio JSON "confuturo_ti/portales-internos/transaction-manager/backend-transaction-manager" # com.confuturo.steps.JsonValidationSteps.queAccesoAlRepositorioJson(java.lang.String)
Intentando leer archivo JSON: src/Backend.BackOffice.Zendesk/appsettings.QA.json del proyecto: confuturo_ti/portales-internos/transaction-manager/backend-transaction-manager
Proyecto encontrado con ID: 61972501
Intentando obtener archivo de la rama: develop
Archivo encontrado en la rama: develop
Contenido JSON guardado en 'gitlab-json-content.txt'
=== CONTENIDO JSON ORIGINAL ===
{
  "AppSettings": {
    "Version": "0.01.202411201030"
  },
  "ConnectionStrings": {
    "PensionesDB": "connection-string",
    "TransactionsDB": "connection-string"
  },
  "Logging": {
    "LogLevel": {
      "Default": "Information",
      "Microsoft.AspNetCore": "Warning"
    }
  },
  "TestMode": true, //modo test para el envio de los correos y la generacion de ticket en zendesk
  "Emails": "hcofre@confuturo.cl,mrojas@confuturo.cl,jovalle@confuturo.cl,jhernandezv@confuturo.cl",
  "Apis": {
    "UrlClients": "http://api-clientes.qa.seguros.local/clientes/",
    "UrlProductos": "http://api-productos.qa.seguros.local/",
    "UrlPayment": "http://api.qa.seguros.local/payment-service/",
    "Zendesk": {
      "Url": "zendesk-data",
      "TestMode": true,
      "SendTicketFromEmail": true,
      "Email": "zendesk-data",
      "Ticket": {
        "Channel": "zendesk-data"
      }
    }
  },
  "Keycloak": {
    "Url": "http://auth-qa.confuturo.cl/auth",
    "Realm": "confuturo-sso-qa",
    "User": "backend-transaction-manager"
  }
}
=== FIN DEL CONTENIDO ORIGINAL ===
JSON limpio guardado en 'cleaned-json-content.txt'
JSON parseado correctamente utilizando Jackson
=== CLAVES DE PRIMER NIVEL EN EL JSON ===
- Logging
- AppSettings
- Apis
- TestMode
- Emails
- Keycloak
- ConnectionStrings
======================================
  Cuando leo el archivo JSON "src/Backend.BackOffice.Zendesk/appsettings.QA.json"                                            # com.confuturo.steps.JsonValidationSteps.leoElArchivoJson(java.lang.String)
Campo: Apis.UrlClients
Valor esperado: 'http://api-clientes.qa.seguros.local/clientes/'
Valor actual: 'http://api-clientes.qa.seguros.local/clientes/'
  Entonces el JSON debe contener el campo "Apis.UrlClients" con valor "http://api-clientes.qa.seguros.local/clientes/"       # com.confuturo.steps.JsonValidationSteps.elJsonDebeContenerCampoConValorTexto(java.lang.String,java.lang.String)
]]></system-out>
  </testcase>
  <testcase name="Verificar el modo de prueba" classname="Validación de configuración del Backend.BackOffice.Zendesk #2" time="1.004">
    <system-out><![CDATA[
Escenario: Verificar el modo de prueba                                                                                       # src/test/resources/features/json-validation-qa.feature:18
Conectando al repositorio: confuturo_ti/portales-internos/transaction-manager/backend-transaction-manager
Buscando token en archivo .env...
Comprobando archivo .env en: C:\Users\spena\Desktop\AutomationYamlAndJson\AutomationYamlAndJson\yaml-validator\.env
Comprobando archivo .env en: C:\Users\spena\Desktop\AutomationYamlAndJson\AutomationYamlAndJson\yaml-validator\..\.env
Archivo .env encontrado en: C:\Users\spena\Desktop\AutomationYamlAndJson\AutomationYamlAndJson\yaml-validator\..\.env
Token encontrado en archivo .env: ../.env
Conexión a GitLab establecida correctamente
Conexión establecida correctamente al repositorio: confuturo_ti/portales-internos/transaction-manager/backend-transaction-manager
  Dado que tengo acceso al repositorio JSON "confuturo_ti/portales-internos/transaction-manager/backend-transaction-manager" # com.confuturo.steps.JsonValidationSteps.queAccesoAlRepositorioJson(java.lang.String)
Intentando leer archivo JSON: src/Backend.BackOffice.Zendesk/appsettings.QA.json del proyecto: confuturo_ti/portales-internos/transaction-manager/backend-transaction-manager
Proyecto encontrado con ID: 61972501
Intentando obtener archivo de la rama: develop
Archivo encontrado en la rama: develop
Contenido JSON guardado en 'gitlab-json-content.txt'
=== CONTENIDO JSON ORIGINAL ===
{
  "AppSettings": {
    "Version": "0.01.202411201030"
  },
  "ConnectionStrings": {
    "PensionesDB": "connection-string",
    "TransactionsDB": "connection-string"
  },
  "Logging": {
    "LogLevel": {
      "Default": "Information",
      "Microsoft.AspNetCore": "Warning"
    }
  },
  "TestMode": true, //modo test para el envio de los correos y la generacion de ticket en zendesk
  "Emails": "hcofre@confuturo.cl,mrojas@confuturo.cl,jovalle@confuturo.cl,jhernandezv@confuturo.cl",
  "Apis": {
    "UrlClients": "http://api-clientes.qa.seguros.local/clientes/",
    "UrlProductos": "http://api-productos.qa.seguros.local/",
    "UrlPayment": "http://api.qa.seguros.local/payment-service/",
    "Zendesk": {
      "Url": "zendesk-data",
      "TestMode": true,
      "SendTicketFromEmail": true,
      "Email": "zendesk-data",
      "Ticket": {
        "Channel": "zendesk-data"
      }
    }
  },
  "Keycloak": {
    "Url": "http://auth-qa.confuturo.cl/auth",
    "Realm": "confuturo-sso-qa",
    "User": "backend-transaction-manager"
  }
}
=== FIN DEL CONTENIDO ORIGINAL ===
JSON limpio guardado en 'cleaned-json-content.txt'
JSON parseado correctamente utilizando Jackson
=== CLAVES DE PRIMER NIVEL EN EL JSON ===
- Logging
- AppSettings
- Apis
- TestMode
- Emails
- Keycloak
- ConnectionStrings
======================================
  Cuando leo el archivo JSON "src/Backend.BackOffice.Zendesk/appsettings.QA.json"                                            # com.confuturo.steps.JsonValidationSteps.leoElArchivoJson(java.lang.String)
Campo: TestMode
Valor esperado: true
Valor actual: true
  Entonces el JSON debe contener el campo "TestMode" con valor booleano "true"                                               # com.confuturo.steps.JsonValidationSteps.elJsonDebeContenerCampoConValorBooleano(java.lang.String,java.lang.String)

===== VERIFICANDO QUE NO EXISTA LA PALABRA EXACTA =====
Palabra EXACTA que NO debe existir: 'prod'
Nota: Solo busca la palabra completa, no como parte de otras palabras
Patrón de búsqueda (palabra exacta): \b\Qprod\E\b
¿Palabra EXACTA encontrada? false
✓ Correcto: La palabra EXACTA 'prod' NO fue encontrada
ℹ Nota informativa: La secuencia 'prod' SÍ aparece como parte de otras palabras, pero NO como palabra independiente
  Ejemplo 1: ...tes/", "UrlProductos": "http:/...
  Ejemplo 2: ...": "http://api-productos.qa.seguro...
  Y el archivo NO debe contener la palabra "prod"                                                                            # com.confuturo.steps.JsonValidationSteps.elArchivoNoDebeContenerLaPalabra(java.lang.String)
]]></system-out>
  </testcase>
  <testcase name="El archivo YAML de produccion debe tener solo valores que hagan referencia a produccion" classname="Validación de archivo YAML de valores para Kubernetes #1" time="1.391">
    <system-out><![CDATA[
Escenario: El archivo YAML de produccion debe tener solo valores que hagan referencia a produccion                                                         # src/test/resources/features/yaml-validation_prod.feature:8
Conectando al repositorio: confuturo_ti/portales-internos/transaction-manager/backend-transaction-manager
Buscando token en archivo .env...
Comprobando archivo .env en: C:\Users\spena\Desktop\AutomationYamlAndJson\AutomationYamlAndJson\yaml-validator\.env
Comprobando archivo .env en: C:\Users\spena\Desktop\AutomationYamlAndJson\AutomationYamlAndJson\yaml-validator\..\.env
Archivo .env encontrado en: C:\Users\spena\Desktop\AutomationYamlAndJson\AutomationYamlAndJson\yaml-validator\..\.env
Token encontrado en archivo .env: ../.env
Conexión a GitLab establecida correctamente
Conexión establecida correctamente al repositorio: confuturo_ti/portales-internos/transaction-manager/backend-transaction-manager
  Dado que tengo acceso al repositorio "confuturo_ti/portales-internos/transaction-manager/backend-transaction-manager"                                    # com.confuturo.steps.YamlValidationSteps.queAccesoAlRepositorio(java.lang.String)
Intentando leer archivo: helm/prod-values-gke.yaml del proyecto: confuturo_ti/portales-internos/transaction-manager/backend-transaction-manager
Proyecto encontrado con ID: 61972501
Contenido YAML guardado en 'gitlab-yaml-content.txt'
Archivo YAML leído y parseado correctamente
  Cuando leo el archivo "helm/prod-values-gke.yaml"                                                                                                        # com.confuturo.steps.YamlValidationSteps.leoElArchivo(java.lang.String)
Campo: ASPNETCORE_ENVIRONMENT
Valor esperado: 'Production'
Valor actual: 'Production'
  Entonces el archivo debe contener el campo "ASPNETCORE_ENVIRONMENT" con valor "Production"                                                               # com.confuturo.steps.YamlValidationSteps.elArchivoDebeContenerCampoConValorTexto(java.lang.String,java.lang.String)
Campo: Apis__Client__Url
Valor esperado: 'http://cliente-servicio-api.prod-servicios-globales.svc.cluster.local/clientes/'
Valor actual: 'http://cliente-servicio-api.prod-servicios-globales.svc.cluster.local/clientes/'
  Y el archivo debe contener el campo "Apis__Client__Url" con valor "http://cliente-servicio-api.prod-servicios-globales.svc.cluster.local/clientes/"      # com.confuturo.steps.YamlValidationSteps.elArchivoDebeContenerCampoConValorTexto(java.lang.String,java.lang.String)
Campo: Apis__Product__Url
Valor esperado: 'http://productos-services.prod-servicios-globales.svc.cluster.local/productos/'
Valor actual: 'http://productos-services.prod-servicios-globales.svc.cluster.local/productos/'
  Y el archivo debe contener el campo "Apis__Product__Url" con valor "http://productos-services.prod-servicios-globales.svc.cluster.local/productos/"      # com.confuturo.steps.YamlValidationSteps.elArchivoDebeContenerCampoConValorTexto(java.lang.String,java.lang.String)
Campo: Apis__Payment__Url
Valor esperado: 'http://payment-service-api.prod-payment-services.svc.cluster.local/payment-service/'
Valor actual: 'http://payment-service-api.prod-payment-services.svc.cluster.local/payment-service/'
  Y el archivo debe contener el campo "Apis__Payment__Url" con valor "http://payment-service-api.prod-payment-services.svc.cluster.local/payment-service/" # com.confuturo.steps.YamlValidationSteps.elArchivoDebeContenerCampoConValorTexto(java.lang.String,java.lang.String)
Campo: Apis__Zendesk__Url
Valor esperado: 'https://atencionconfuturo.zendesk.com/'
Valor actual: 'https://atencionconfuturo.zendesk.com/'
  Y el archivo debe contener el campo "Apis__Zendesk__Url" con valor "https://atencionconfuturo.zendesk.com/"                                              # com.confuturo.steps.YamlValidationSteps.elArchivoDebeContenerCampoConValorTexto(java.lang.String,java.lang.String)
Campo: Apis__Pdf__Url 
Valor esperado: 'http://pdf-service.prod-pdf-service.svc.cluster.local/pdf-service/'
Valor actual: 'http://pdf-service.prod-pdf-service.svc.cluster.local/pdf-service/'
  Y el archivo debe contener el campo "Apis__Pdf__Url " con valor "http://pdf-service.prod-pdf-service.svc.cluster.local/pdf-service/"                     # com.confuturo.steps.YamlValidationSteps.elArchivoDebeContenerCampoConValorTexto(java.lang.String,java.lang.String)
Campo: Apis__Kta__Url 
Valor esperado: 'http://192.168.83.90/vwnetx_Confuturo_Zendesk/'
Valor actual: 'http://192.168.83.90/vwnetx_Confuturo_Zendesk/'
  Y el archivo debe contener el campo "Apis__Kta__Url " con valor "http://192.168.83.90/vwnetx_Confuturo_Zendesk/"                                         # com.confuturo.steps.YamlValidationSteps.elArchivoDebeContenerCampoConValorTexto(java.lang.String,java.lang.String)

===== VERIFICACIÓN ESPECÍFICA DE Apis__Kta__User =====
Valor esperado: 'admin'
Campo encontrado: Apis__Kta__User
Valor actual: 'admin'
¿Son iguales? true
¡Validación exitosa! Los valores son iguales
  Y el valor de Apis__Kta__User debe ser "admin"                                                                                                           # com.confuturo.steps.YamlValidationSteps.elValorDeApisKtaUserDebeSer(java.lang.String)
Campo: Apis__Notifications__Url
Valor esperado: 'http://api-notificaciones.prod-notificaciones.svc.cluster.local/notificacion/'
Valor actual: 'http://api-notificaciones.prod-notificaciones.svc.cluster.local/notificacion/'
  Y el archivo debe contener el campo "Apis__Notifications__Url" con valor "http://api-notificaciones.prod-notificaciones.svc.cluster.local/notificacion/" # com.confuturo.steps.YamlValidationSteps.elArchivoDebeContenerCampoConValorTexto(java.lang.String,java.lang.String)
Campo: Apis__HumanResources__Url
Valor esperado: 'http://rrhh-service.prod-rrhh-service.svc.cluster.local/rrhh/'
Valor actual: 'http://rrhh-service.prod-rrhh-service.svc.cluster.local/rrhh/'
  Y el archivo debe contener el campo "Apis__HumanResources__Url" con valor "http://rrhh-service.prod-rrhh-service.svc.cluster.local/rrhh/"                # com.confuturo.steps.YamlValidationSteps.elArchivoDebeContenerCampoConValorTexto(java.lang.String,java.lang.String)
Campo: UrlVisualTime 
Valor esperado: 'http://prodapps292.seguros.local/vtimenet/visualtime/bucvtpipe.aspx'
Valor actual: 'http://prodapps292.seguros.local/vtimenet/visualtime/bucvtpipe.aspx'
  Y el archivo debe contener el campo "UrlVisualTime " con valor "http://prodapps292.seguros.local/vtimenet/visualtime/bucvtpipe.aspx"                     # com.confuturo.steps.YamlValidationSteps.elArchivoDebeContenerCampoConValorTexto(java.lang.String,java.lang.String)
Campo: vault.hashicorp.com/role
Valor esperado: 'prod'
Valor actual: 'prod'
  Y el archivo debe contener el campo "vault.hashicorp.com/role" con valor "prod"                                                                          # com.confuturo.steps.YamlValidationSteps.elArchivoDebeContenerCampoConValorTexto(java.lang.String,java.lang.String)
]]></system-out>
  </testcase>
  <testcase name="El archivo YAML debe tener la configuración de servicios correcta" classname="Validación de archivo YAML de valores para Kubernetes #1" time="1.271">
    <system-out><![CDATA[
Escenario: El archivo YAML debe tener la configuración de servicios correcta                                            # src/test/resources/features/yaml-validation_prod.feature:24
Conectando al repositorio: confuturo_ti/portales-internos/transaction-manager/backend-transaction-manager
Buscando token en archivo .env...
Comprobando archivo .env en: C:\Users\spena\Desktop\AutomationYamlAndJson\AutomationYamlAndJson\yaml-validator\.env
Comprobando archivo .env en: C:\Users\spena\Desktop\AutomationYamlAndJson\AutomationYamlAndJson\yaml-validator\..\.env
Archivo .env encontrado en: C:\Users\spena\Desktop\AutomationYamlAndJson\AutomationYamlAndJson\yaml-validator\..\.env
Token encontrado en archivo .env: ../.env
Conexión a GitLab establecida correctamente
Conexión establecida correctamente al repositorio: confuturo_ti/portales-internos/transaction-manager/backend-transaction-manager
  Dado que tengo acceso al repositorio "confuturo_ti/portales-internos/transaction-manager/backend-transaction-manager" # com.confuturo.steps.YamlValidationSteps.queAccesoAlRepositorio(java.lang.String)
Intentando leer archivo: helm/prod-values-gke.yaml del proyecto: confuturo_ti/portales-internos/transaction-manager/backend-transaction-manager
Proyecto encontrado con ID: 61972501
Contenido YAML guardado en 'gitlab-yaml-content.txt'
Archivo YAML leído y parseado correctamente
  Cuando leo el archivo "helm/prod-values-gke.yaml"                                                                     # com.confuturo.steps.YamlValidationSteps.leoElArchivo(java.lang.String)
Campo: serviceAccount.create
Valor esperado: true
Valor actual: true
  Entonces el archivo debe contener el campo "serviceAccount.create" con valor true                                     # com.confuturo.steps.YamlValidationSteps.elArchivoDebeContenerCampoConValorTrue(java.lang.String)
Campo: TestMode
Valor esperado: false
Valor actual: false
  Y el archivo debe contener el campo "TestMode" con valor false                                                        # com.confuturo.steps.YamlValidationSteps.elArchivoDebeContenerCampoConValorFalse(java.lang.String)
]]></system-out>
  </testcase>
  <testcase name="El archivo YAML de QA debe tener solo valores que hagan referencia a QA" classname="Validación de archivo YAML de valores para Kubernetes #2" time="1.019">
    <system-out><![CDATA[
Escenario: El archivo YAML de QA debe tener solo valores que hagan referencia a QA                                                                         # src/test/resources/features/yaml-validation_qa.feature:8
Conectando al repositorio: confuturo_ti/portales-internos/transaction-manager/backend-transaction-manager
Buscando token en archivo .env...
Comprobando archivo .env en: C:\Users\spena\Desktop\AutomationYamlAndJson\AutomationYamlAndJson\yaml-validator\.env
Comprobando archivo .env en: C:\Users\spena\Desktop\AutomationYamlAndJson\AutomationYamlAndJson\yaml-validator\..\.env
Archivo .env encontrado en: C:\Users\spena\Desktop\AutomationYamlAndJson\AutomationYamlAndJson\yaml-validator\..\.env
Token encontrado en archivo .env: ../.env
Conexión a GitLab establecida correctamente
Conexión establecida correctamente al repositorio: confuturo_ti/portales-internos/transaction-manager/backend-transaction-manager
  Dado que tengo acceso al repositorio "confuturo_ti/portales-internos/transaction-manager/backend-transaction-manager"                                    # com.confuturo.steps.YamlValidationSteps.queAccesoAlRepositorio(java.lang.String)
Intentando leer archivo: helm/qa-values-gke.yaml del proyecto: confuturo_ti/portales-internos/transaction-manager/backend-transaction-manager
Proyecto encontrado con ID: 61972501
Contenido YAML guardado en 'gitlab-yaml-content.txt'
Archivo YAML leído y parseado correctamente
  Cuando leo el archivo "helm/qa-values-gke.yaml"                                                                                                          # com.confuturo.steps.YamlValidationSteps.leoElArchivo(java.lang.String)
Campo: ASPNETCORE_ENVIRONMENT
Valor esperado: 'QA'
Valor actual: 'QA'
  Entonces el archivo debe contener el campo "ASPNETCORE_ENVIRONMENT" con valor "QA"                                                                       # com.confuturo.steps.YamlValidationSteps.elArchivoDebeContenerCampoConValorTexto(java.lang.String,java.lang.String)
Campo: Apis__Client__Url
Valor esperado: 'http://cliente-servicio-api.qa-clientes.svc.cluster.local/clientes/'
Valor actual: 'http://cliente-servicio-api.qa-clientes.svc.cluster.local/clientes/'
  Y el archivo debe contener el campo "Apis__Client__Url" con valor "http://cliente-servicio-api.qa-clientes.svc.cluster.local/clientes/"                  # com.confuturo.steps.YamlValidationSteps.elArchivoDebeContenerCampoConValorTexto(java.lang.String,java.lang.String)
Campo: Apis__Product__Url
Valor esperado: 'http://productos-services.qa-servicios-globales.svc.cluster.local/productos/'
Valor actual: 'http://productos-services.qa-servicios-globales.svc.cluster.local/productos/'
  Y el archivo debe contener el campo "Apis__Product__Url" con valor "http://productos-services.qa-servicios-globales.svc.cluster.local/productos/"        # com.confuturo.steps.YamlValidationSteps.elArchivoDebeContenerCampoConValorTexto(java.lang.String,java.lang.String)
Campo: Apis__Payment__Url
Valor esperado: 'http://payment-service-api.qa-payment-services.svc.cluster.local/payment-service/'
Valor actual: 'http://payment-service-api.qa-payment-services.svc.cluster.local/payment-service/'
  Y el archivo debe contener el campo "Apis__Payment__Url" con valor "http://payment-service-api.qa-payment-services.svc.cluster.local/payment-service/"   # com.confuturo.steps.YamlValidationSteps.elArchivoDebeContenerCampoConValorTexto(java.lang.String,java.lang.String)
Campo: Apis__Zendesk__Url
Valor esperado: 'https://atencionconfuturo1616160263.zendesk.com/'
Valor actual: 'https://atencionconfuturo1616160263.zendesk.com/'
  Y el archivo debe contener el campo "Apis__Zendesk__Url" con valor "https://atencionconfuturo1616160263.zendesk.com/"                                    # com.confuturo.steps.YamlValidationSteps.elArchivoDebeContenerCampoConValorTexto(java.lang.String,java.lang.String)
Campo: Apis__Pdf__Url
Valor esperado: 'http://pdf-service.qa-pdf-service.svc.cluster.local/pdf-service/'
Valor actual: 'http://pdf-service.qa-pdf-service.svc.cluster.local/pdf-service/'
  Y el archivo debe contener el campo "Apis__Pdf__Url" con valor "http://pdf-service.qa-pdf-service.svc.cluster.local/pdf-service/"                        # com.confuturo.steps.YamlValidationSteps.elArchivoDebeContenerCampoConValorTexto(java.lang.String,java.lang.String)
Campo: Apis__Kta__Url
Valor esperado: 'http://192.168.68.19/vwnetx_confuturo_zendesk/'
Valor actual: 'http://192.168.68.19/vwnetx_confuturo_zendesk/'
  Y el archivo debe contener el campo "Apis__Kta__Url" con valor "http://192.168.68.19/vwnetx_confuturo_zendesk/"                                          # com.confuturo.steps.YamlValidationSteps.elArchivoDebeContenerCampoConValorTexto(java.lang.String,java.lang.String)

===== VERIFICACIÓN ESPECÍFICA DE Apis__Kta__User =====
Valor esperado: 'admin'
Campo encontrado: Apis__Kta__User
Valor actual: 'admin'
¿Son iguales? true
¡Validación exitosa! Los valores son iguales
  Y el valor de Apis__Kta__User debe ser "admin"                                                                                                           # com.confuturo.steps.YamlValidationSteps.elValorDeApisKtaUserDebeSer(java.lang.String)
Campo: Apis__Notifications__Url
Valor esperado: 'http://api-notificaciones.qa-notificaciones.svc.cluster.local/notificaciones/'
Valor actual: 'http://api-notificaciones.qa-notificaciones.svc.cluster.local/notificaciones/'
  Y el archivo debe contener el campo "Apis__Notifications__Url" con valor "http://api-notificaciones.qa-notificaciones.svc.cluster.local/notificaciones/" # com.confuturo.steps.YamlValidationSteps.elArchivoDebeContenerCampoConValorTexto(java.lang.String,java.lang.String)
Campo: Apis__HumanResources__Url
Valor esperado: 'http://rrhh-service.qa-rrhh-service.svc.cluster.local/rrhh/'
Valor actual: 'http://rrhh-service.qa-rrhh-service.svc.cluster.local/rrhh/'
  Y el archivo debe contener el campo "Apis__HumanResources__Url" con valor "http://rrhh-service.qa-rrhh-service.svc.cluster.local/rrhh/"                  # com.confuturo.steps.YamlValidationSteps.elArchivoDebeContenerCampoConValorTexto(java.lang.String,java.lang.String)
Campo: UrlVisualTime
Valor esperado: 'http://testapps292.seguros.local/vtimenet/visualtime/bucvtpipe.aspx'
Valor actual: 'http://testapps292.seguros.local/vtimenet/visualtime/bucvtpipe.aspx'
  Y el archivo debe contener el campo "UrlVisualTime" con valor "http://testapps292.seguros.local/vtimenet/visualtime/bucvtpipe.aspx"                      # com.confuturo.steps.YamlValidationSteps.elArchivoDebeContenerCampoConValorTexto(java.lang.String,java.lang.String)
Campo: vault.hashicorp.com/role
Valor esperado: 'qa'
Valor actual: 'qa'
  Y el archivo debe contener el campo "vault.hashicorp.com/role" con valor "qa"                                                                            # com.confuturo.steps.YamlValidationSteps.elArchivoDebeContenerCampoConValorTexto(java.lang.String,java.lang.String)
]]></system-out>
  </testcase>
  <testcase name="El archivo YAML debe tener la configuración de servicios correcta" classname="Validación de archivo YAML de valores para Kubernetes #2" time="1.011">
    <system-out><![CDATA[
Escenario: El archivo YAML debe tener la configuración de servicios correcta                                                                     # src/test/resources/features/yaml-validation_qa.feature:24
Conectando al repositorio: confuturo_ti/portales-internos/transaction-manager/backend-transaction-manager
Buscando token en archivo .env...
Comprobando archivo .env en: C:\Users\spena\Desktop\AutomationYamlAndJson\AutomationYamlAndJson\yaml-validator\.env
Comprobando archivo .env en: C:\Users\spena\Desktop\AutomationYamlAndJson\AutomationYamlAndJson\yaml-validator\..\.env
Archivo .env encontrado en: C:\Users\spena\Desktop\AutomationYamlAndJson\AutomationYamlAndJson\yaml-validator\..\.env
Token encontrado en archivo .env: ../.env
Conexión a GitLab establecida correctamente
Conexión establecida correctamente al repositorio: confuturo_ti/portales-internos/transaction-manager/backend-transaction-manager
  Dado que tengo acceso al repositorio "confuturo_ti/portales-internos/transaction-manager/backend-transaction-manager"                          # com.confuturo.steps.YamlValidationSteps.queAccesoAlRepositorio(java.lang.String)
Intentando leer archivo: helm/qa-values-gke.yaml del proyecto: confuturo_ti/portales-internos/transaction-manager/backend-transaction-manager
Proyecto encontrado con ID: 61972501
Contenido YAML guardado en 'gitlab-yaml-content.txt'
Archivo YAML leído y parseado correctamente
  Cuando leo el archivo "helm/qa-values-gke.yaml"                                                                                                # com.confuturo.steps.YamlValidationSteps.leoElArchivo(java.lang.String)
Campo: serviceAccount.create
Valor esperado: true
Valor actual: true
  Entonces el archivo debe contener el campo "serviceAccount.create" con valor true                                                              # com.confuturo.steps.YamlValidationSteps.elArchivoDebeContenerCampoConValorTrue(java.lang.String)
Campo: TestMode
Valor esperado: 'true  # modo test para el envio de los correos y la generacion de ticket en zendesk'
Valor actual: 'true  # modo test para el envio de los correos y la generacion de ticket en zendesk'
  Y el archivo debe contener el campo "TestMode" con valor "true  # modo test para el envio de los correos y la generacion de ticket en zendesk" # com.confuturo.steps.YamlValidationSteps.elArchivoDebeContenerCampoConValorTexto(java.lang.String,java.lang.String)
]]></system-out>
  </testcase>
</testsuite>